[11-May-2022 19:19:05 Europe/Berlin] PHP Warning:  foreach() argument must be of type array|object, string given in C:\xampp\htdocs\cursos\src\views\Curso\registro.php on line 315
[11-May-2022 19:20:44 Europe/Berlin] PHP Warning:  foreach() argument must be of type array|object, string given in C:\xampp\htdocs\cursos\src\views\Curso\registro.php on line 315
[11-May-2022 19:22:05 Europe/Berlin] PHP Warning:  foreach() argument must be of type array|object, string given in C:\xampp\htdocs\cursos\src\views\Curso\registro.php on line 315
[11-May-2022 19:25:49 Europe/Berlin] PHP Warning:  Undefined array key 4 in C:\xampp\htdocs\cursos\src\controllers\CursoController.php on line 184
[11-May-2022 19:25:50 Europe/Berlin] SQLSTATE[23000]: Integrity constraint violation: 1062 Duplicate entry 'Terminar-2' for key 'kunique_01'
[11-May-2022 19:27:42 Europe/Berlin] SQLSTATE[23000]: Integrity constraint violation: 1062 Duplicate entry 'Evalua-2' for key 'kunique_01'
[11-May-2022 19:42:14 Europe/Berlin] PHP Parse error:  syntax error, unexpected variable "$this" in C:\xampp\htdocs\cursos\src\controllers\CursoController.php on line 94
[11-May-2022 19:42:23 Europe/Berlin] PHP Parse error:  syntax error, unexpected variable "$this" in C:\xampp\htdocs\cursos\src\controllers\CursoController.php on line 94
[11-May-2022 19:43:20 Europe/Berlin] PHP Parse error:  syntax error, unexpected variable "$this" in C:\xampp\htdocs\cursos\src\controllers\CursoController.php on line 95
[11-May-2022 19:44:09 Europe/Berlin] SQLSTATE[23000]: Integrity constraint violation: 1062 Duplicate entry 'ertert-2' for key 'kunique_01'
[11-May-2022 19:44:09 Europe/Berlin] PHP Warning:  Undefined array key "error" in C:\xampp\htdocs\cursos\src\views\templates\notificaciones.php on line 8
[11-May-2022 19:44:09 Europe/Berlin] PHP Warning:  Undefined array key "mensaje" in C:\xampp\htdocs\cursos\src\views\templates\notificaciones.php on line 19
[11-May-2022 19:45:07 Europe/Berlin] SQLSTATE[23000]: Integrity constraint violation: 1062 Duplicate entry 'ertert-2' for key 'kunique_01'
[11-May-2022 19:45:07 Europe/Berlin] SQLSTATE[23000]: Integrity constraint violation: 1062 Duplicate entry 'ertert-2' for key 'kunique_01'
[11-May-2022 19:46:08 Europe/Berlin] SQLSTATE[23000]: Integrity constraint violation: 1062 Duplicate entry 'ertert-2' for key 'kunique_01'
[11-May-2022 19:46:08 Europe/Berlin] SQLSTATE[23000]: Integrity constraint violation: 1062 Duplicate entry 'ertert-2' for key 'kunique_01'
[11-May-2022 19:48:24 Europe/Berlin] SQLSTATE[23000]: Integrity constraint violation: 1062 Duplicate entry 'ertertsdfas-1' for key 'kunique_01'
[11-May-2022 19:48:24 Europe/Berlin] SQLSTATE[23000]: Integrity constraint violation: 1062 Duplicate entry 'Lección 1-1' for key 'kunique_01'
[11-May-2022 19:50:39 Europe/Berlin] PHP Warning:  Undefined variable $notificacion in C:\xampp\htdocs\cursos\src\controllers\CursoController.php on line 255
[11-May-2022 19:50:40 Europe/Berlin] PHP Warning:  Trying to access array offset on value of type null in C:\xampp\htdocs\cursos\src\views\templates\notificaciones.php on line 6
[11-May-2022 19:50:40 Europe/Berlin] PHP Warning:  Trying to access array offset on value of type null in C:\xampp\htdocs\cursos\src\views\templates\notificaciones.php on line 17
[11-May-2022 19:51:12 Europe/Berlin] PHP Warning:  Undefined variable $notificacion in C:\xampp\htdocs\cursos\src\controllers\CursoController.php on line 255
[11-May-2022 19:51:12 Europe/Berlin] PHP Warning:  Trying to access array offset on value of type null in C:\xampp\htdocs\cursos\src\views\templates\notificaciones.php on line 6
[11-May-2022 19:51:12 Europe/Berlin] PHP Warning:  Trying to access array offset on value of type null in C:\xampp\htdocs\cursos\src\views\templates\notificaciones.php on line 17
[11-May-2022 19:52:30 Europe/Berlin] PHP Warning:  Undefined variable $notificacion in C:\xampp\htdocs\cursos\src\controllers\CursoController.php on line 255
[11-May-2022 19:52:30 Europe/Berlin] PHP Warning:  Trying to access array offset on value of type null in C:\xampp\htdocs\cursos\src\views\templates\notificaciones.php on line 6
[11-May-2022 19:52:30 Europe/Berlin] PHP Warning:  Trying to access array offset on value of type null in C:\xampp\htdocs\cursos\src\views\templates\notificaciones.php on line 17
[11-May-2022 19:54:38 Europe/Berlin] PHP Parse error:  syntax error, unexpected token "*" in C:\xampp\htdocs\cursos\src\controllers\CursoController.php on line 249
[11-May-2022 19:55:25 Europe/Berlin] SQLSTATE[23000]: Integrity constraint violation: 1062 Duplicate entry 'EJEMPLO-1' for key 'kunique_01'
[11-May-2022 20:58:43 Europe/Berlin] SQLSTATE[42S22]: Column not found: 1054 Unknown column 'objetivo' in 'field list'
[11-May-2022 21:01:44 Europe/Berlin] Usuario loggeado
[11-May-2022 21:01:44 Europe/Berlin] PHP Fatal error:  Uncaught TypeError: Cannot access offset of type string on string in C:\xampp\htdocs\cursos\src\views\templates\notificaciones.php:6
Stack trace:
#0 C:\xampp\htdocs\cursos\src\views\Home\index.php(4): require()
#1 C:\xampp\htdocs\cursos\src\lib\View.php(12): require('C:\\xampp\\htdocs...')
#2 C:\xampp\htdocs\cursos\src\lib\Controller.php(14): Sebas\Cursos\lib\View->render('Home/index', Array)
#3 C:\xampp\htdocs\cursos\src\controllers\UsuarioController.php(87): Sebas\Cursos\lib\Controller->render('Home/index', Array)
#4 C:\xampp\htdocs\cursos\src\lib\routes.php(98): Sebas\Cursos\controllers\UsuarioController->cerrarSesion()
#5 [internal function]: {closure}()
#6 C:\xampp\htdocs\cursos\vendor\bramus\router\src\Bramus\Router\Router.php(458): call_user_func_array(Object(Closure), Array)
#7 C:\xampp\htdocs\cursos\vendor\bramus\router\src\Bramus\Router\Router.php(440): Bramus\Router\Router->invoke(Object(Closure), Array)
#8 C:\xampp\htdocs\cursos\vendor\bramus\router\src\Bramus\Router\Router.php(287): Bramus\Router\Router->handle(Array, true)
#9 C:\xampp\htdocs\cursos\src\lib\routes.php(137): Bramus\Router\Router->run()
#10 C:\xampp\htdocs\cursos\index.php(13): require('C:\\xampp\\htdocs...')
#11 {main}
  thrown in C:\xampp\htdocs\cursos\src\views\templates\notificaciones.php on line 6
[11-May-2022 21:01:57 Europe/Berlin] PHP Fatal error:  Uncaught TypeError: Cannot access offset of type string on string in C:\xampp\htdocs\cursos\src\views\templates\notificaciones.php:6
Stack trace:
#0 C:\xampp\htdocs\cursos\src\views\Usuario\iniciarSesion.php(6): require()
#1 C:\xampp\htdocs\cursos\src\lib\View.php(12): require('C:\\xampp\\htdocs...')
#2 C:\xampp\htdocs\cursos\src\lib\Controller.php(14): Sebas\Cursos\lib\View->render('Usuario/iniciar...', Array)
#3 C:\xampp\htdocs\cursos\src\controllers\ClienteController.php(29): Sebas\Cursos\lib\Controller->render('Usuario/iniciar...', Array)
#4 C:\xampp\htdocs\cursos\src\lib\routes.php(73): Sebas\Cursos\controllers\ClienteController->registrarse()
#5 [internal function]: {closure}()
#6 C:\xampp\htdocs\cursos\vendor\bramus\router\src\Bramus\Router\Router.php(458): call_user_func_array(Object(Closure), Array)
#7 C:\xampp\htdocs\cursos\vendor\bramus\router\src\Bramus\Router\Router.php(440): Bramus\Router\Router->invoke(Object(Closure), Array)
#8 C:\xampp\htdocs\cursos\vendor\bramus\router\src\Bramus\Router\Router.php(287): Bramus\Router\Router->handle(Array, true)
#9 C:\xampp\htdocs\cursos\src\lib\routes.php(137): Bramus\Router\Router->run()
#10 C:\xampp\htdocs\cursos\index.php(13): require('C:\\xampp\\htdocs...')
#11 {main}
  thrown in C:\xampp\htdocs\cursos\src\views\templates\notificaciones.php on line 6
[11-May-2022 21:02:53 Europe/Berlin] Correo ya existe
[11-May-2022 21:04:50 Europe/Berlin] Usuario loggeado
[11-May-2022 21:05:06 Europe/Berlin] Usuario loggeado
[11-May-2022 21:05:11 Europe/Berlin] Usuario loggeado
[11-May-2022 22:12:40 Europe/Berlin] SQLSTATE[21S01]: Insert value list does not match column list: 1136 Column count doesn't match value count at row 1
[11-May-2022 22:15:08 Europe/Berlin] PHP Warning:  Undefined variable $c in C:\xampp\htdocs\cursos\src\models\Curso.php on line 123
[11-May-2022 22:15:08 Europe/Berlin] PHP Warning:  Trying to access array offset on value of type null in C:\xampp\htdocs\cursos\src\models\Curso.php on line 123
[11-May-2022 22:15:08 Europe/Berlin] PHP Fatal error:  Uncaught TypeError: Cannot assign null to property Sebas\Cursos\models\Curso::$perfil of type string in C:\xampp\htdocs\cursos\src\models\Curso.php:231
Stack trace:
#0 C:\xampp\htdocs\cursos\src\models\Curso.php(123): Sebas\Cursos\models\Curso->setPerfil(NULL)
#1 C:\xampp\htdocs\cursos\src\controllers\CursoController.php(90): Sebas\Cursos\models\Curso::get('Diagr')
#2 C:\xampp\htdocs\cursos\src\lib\routes.php(134): Sebas\Cursos\controllers\CursoController->creaCurso()
#3 [internal function]: {closure}()
#4 C:\xampp\htdocs\cursos\vendor\bramus\router\src\Bramus\Router\Router.php(458): call_user_func_array(Object(Closure), Array)
#5 C:\xampp\htdocs\cursos\vendor\bramus\router\src\Bramus\Router\Router.php(440): Bramus\Router\Router->invoke(Object(Closure), Array)
#6 C:\xampp\htdocs\cursos\vendor\bramus\router\src\Bramus\Router\Router.php(287): Bramus\Router\Router->handle(Array, true)
#7 C:\xampp\htdocs\cursos\src\lib\routes.php(137): Bramus\Router\Router->run()
#8 C:\xampp\htdocs\cursos\index.php(13): require('C:\\xampp\\htdocs...')
#9 {main}
  thrown in C:\xampp\htdocs\cursos\src\models\Curso.php on line 231
[11-May-2022 22:16:58 Europe/Berlin] SQLSTATE[23000]: Integrity constraint violation: 1062 Duplicate entry 'Diagr' for key 'nombre'
[11-May-2022 22:19:26 Europe/Berlin] SQLSTATE[42000]: Syntax error or access violation: 1064 You have an error in your SQL syntax; check the manual that corresponds to your MariaDB server version for the right syntax to use near ' capitulo, titulo, objetivo, teoria, video, ejercicio, orden, idCurso FROM le...' at line 1
[11-May-2022 22:19:26 Europe/Berlin] SQLSTATE[42000]: Syntax error or access violation: 1064 You have an error in your SQL syntax; check the manual that corresponds to your MariaDB server version for the right syntax to use near ' capitulo, titulo, objetivo, teoria, video, ejercicio, orden, idCurso FROM le...' at line 1
[11-May-2022 22:22:09 Europe/Berlin] SQLSTATE[42000]: Syntax error or access violation: 1064 You have an error in your SQL syntax; check the manual that corresponds to your MariaDB server version for the right syntax to use near ' capitulo, titulo, objetivo, teoria, video, ejercicio, orden, idCurso FROM le...' at line 1
[11-May-2022 22:22:11 Europe/Berlin] PHP Warning:  Undefined variable $c in C:\xampp\htdocs\cursos\src\models\Curso.php on line 149
[11-May-2022 22:22:11 Europe/Berlin] PHP Warning:  Trying to access array offset on value of type null in C:\xampp\htdocs\cursos\src\models\Curso.php on line 149
[11-May-2022 22:22:11 Europe/Berlin] PHP Fatal error:  Uncaught TypeError: Cannot assign null to property Sebas\Cursos\models\Curso::$perfil of type string in C:\xampp\htdocs\cursos\src\models\Curso.php:231
Stack trace:
#0 C:\xampp\htdocs\cursos\src\models\Curso.php(149): Sebas\Cursos\models\Curso->setPerfil(NULL)
#1 C:\xampp\htdocs\cursos\src\controllers\CursoController.php(29): Sebas\Cursos\models\Curso::getByIdCurso('1')
#2 C:\xampp\htdocs\cursos\src\lib\routes.php(52): Sebas\Cursos\controllers\CursoController->modificaCurso()
#3 [internal function]: {closure}()
#4 C:\xampp\htdocs\cursos\vendor\bramus\router\src\Bramus\Router\Router.php(458): call_user_func_array(Object(Closure), Array)
#5 C:\xampp\htdocs\cursos\vendor\bramus\router\src\Bramus\Router\Router.php(440): Bramus\Router\Router->invoke(Object(Closure), Array)
#6 C:\xampp\htdocs\cursos\vendor\bramus\router\src\Bramus\Router\Router.php(287): Bramus\Router\Router->handle(Array, true)
#7 C:\xampp\htdocs\cursos\src\lib\routes.php(137): Bramus\Router\Router->run()
#8 C:\xampp\htdocs\cursos\index.php(13): require('C:\\xampp\\htdocs...')
#9 {main}
  thrown in C:\xampp\htdocs\cursos\src\models\Curso.php on line 231
[11-May-2022 22:22:15 Europe/Berlin] SQLSTATE[42000]: Syntax error or access violation: 1064 You have an error in your SQL syntax; check the manual that corresponds to your MariaDB server version for the right syntax to use near ' capitulo, titulo, objetivo, teoria, video, ejercicio, orden, idCurso FROM le...' at line 1
[11-May-2022 22:22:17 Europe/Berlin] PHP Warning:  Undefined variable $c in C:\xampp\htdocs\cursos\src\models\Curso.php on line 149
[11-May-2022 22:22:17 Europe/Berlin] PHP Warning:  Trying to access array offset on value of type null in C:\xampp\htdocs\cursos\src\models\Curso.php on line 149
[11-May-2022 22:22:17 Europe/Berlin] PHP Fatal error:  Uncaught TypeError: Cannot assign null to property Sebas\Cursos\models\Curso::$perfil of type string in C:\xampp\htdocs\cursos\src\models\Curso.php:231
Stack trace:
#0 C:\xampp\htdocs\cursos\src\models\Curso.php(149): Sebas\Cursos\models\Curso->setPerfil(NULL)
#1 C:\xampp\htdocs\cursos\src\controllers\CursoController.php(29): Sebas\Cursos\models\Curso::getByIdCurso('1')
#2 C:\xampp\htdocs\cursos\src\lib\routes.php(52): Sebas\Cursos\controllers\CursoController->modificaCurso()
#3 [internal function]: {closure}()
#4 C:\xampp\htdocs\cursos\vendor\bramus\router\src\Bramus\Router\Router.php(458): call_user_func_array(Object(Closure), Array)
#5 C:\xampp\htdocs\cursos\vendor\bramus\router\src\Bramus\Router\Router.php(440): Bramus\Router\Router->invoke(Object(Closure), Array)
#6 C:\xampp\htdocs\cursos\vendor\bramus\router\src\Bramus\Router\Router.php(287): Bramus\Router\Router->handle(Array, true)
#7 C:\xampp\htdocs\cursos\src\lib\routes.php(137): Bramus\Router\Router->run()
#8 C:\xampp\htdocs\cursos\index.php(13): require('C:\\xampp\\htdocs...')
#9 {main}
  thrown in C:\xampp\htdocs\cursos\src\models\Curso.php on line 231
[11-May-2022 22:23:33 Europe/Berlin] SQLSTATE[42000]: Syntax error or access violation: 1064 You have an error in your SQL syntax; check the manual that corresponds to your MariaDB server version for the right syntax to use near ' capitulo, titulo, objetivo, teoria, video, ejercicio, orden, idCurso FROM le...' at line 1
[11-May-2022 22:23:34 Europe/Berlin] SQLSTATE[42000]: Syntax error or access violation: 1064 You have an error in your SQL syntax; check the manual that corresponds to your MariaDB server version for the right syntax to use near ' capitulo, titulo, objetivo, teoria, video, ejercicio, orden, idCurso FROM le...' at line 1
[11-May-2022 22:23:54 Europe/Berlin] SQLSTATE[42000]: Syntax error or access violation: 1064 You have an error in your SQL syntax; check the manual that corresponds to your MariaDB server version for the right syntax to use near ' capitulo, titulo, objetivo, teoria, video, ejercicio, orden, idCurso FROM le...' at line 1
[11-May-2022 22:23:55 Europe/Berlin] SQLSTATE[42000]: Syntax error or access violation: 1064 You have an error in your SQL syntax; check the manual that corresponds to your MariaDB server version for the right syntax to use near ' capitulo, titulo, objetivo, teoria, video, ejercicio, orden, idCurso FROM le...' at line 1
[11-May-2022 22:24:02 Europe/Berlin] SQLSTATE[42000]: Syntax error or access violation: 1064 You have an error in your SQL syntax; check the manual that corresponds to your MariaDB server version for the right syntax to use near ' capitulo, titulo, objetivo, teoria, video, ejercicio, orden, idCurso FROM le...' at line 1
[11-May-2022 22:24:02 Europe/Berlin] PHP Fatal error:  Uncaught Error: Call to undefined method Sebas\Cursos\models\Curso::getDescripcionCorta() in C:\xampp\htdocs\cursos\src\views\Curso\catalogo.php:43
Stack trace:
#0 C:\xampp\htdocs\cursos\src\lib\View.php(12): require()
#1 C:\xampp\htdocs\cursos\src\lib\Controller.php(14): Sebas\Cursos\lib\View->render('Curso/catalogo', Array)
#2 C:\xampp\htdocs\cursos\src\controllers\CursoController.php(19): Sebas\Cursos\lib\Controller->render('Curso/catalogo', Array)
#3 C:\xampp\htdocs\cursos\src\lib\routes.php(41): Sebas\Cursos\controllers\CursoController->catalogo()
#4 [internal function]: {closure}()
#5 C:\xampp\htdocs\cursos\vendor\bramus\router\src\Bramus\Router\Router.php(458): call_user_func_array(Object(Closure), Array)
#6 C:\xampp\htdocs\cursos\vendor\bramus\router\src\Bramus\Router\Router.php(440): Bramus\Router\Router->invoke(Object(Closure), Array)
#7 C:\xampp\htdocs\cursos\vendor\bramus\router\src\Bramus\Router\Router.php(287): Bramus\Router\Router->handle(Array, true)
#8 C:\xampp\htdocs\cursos\src\lib\routes.php(137): Bramus\Router\Router->run()
#9 C:\xampp\htdocs\cursos\index.php(13): require('C:\\xampp\\htdocs...')
#10 {main}
  thrown in C:\xampp\htdocs\cursos\src\views\Curso\catalogo.php on line 43
[11-May-2022 22:24:47 Europe/Berlin] SQLSTATE[42000]: Syntax error or access violation: 1064 You have an error in your SQL syntax; check the manual that corresponds to your MariaDB server version for the right syntax to use near ' capitulo, titulo, objetivo, teoria, video, ejercicio, orden, idCurso FROM le...' at line 1
[11-May-2022 22:25:49 Europe/Berlin] SQLSTATE[42000]: Syntax error or access violation: 1064 You have an error in your SQL syntax; check the manual that corresponds to your MariaDB server version for the right syntax to use near ' capitulo, titulo, objetivo, teoria, video, ejercicio, orden, idCurso FROM le...' at line 1
[11-May-2022 22:26:14 Europe/Berlin] SQLSTATE[42000]: Syntax error or access violation: 1064 You have an error in your SQL syntax; check the manual that corresponds to your MariaDB server version for the right syntax to use near ' capitulo, titulo, objetivo, teoria, video, ejercicio, orden, idCurso FROM le...' at line 1
[11-May-2022 22:26:41 Europe/Berlin] SQLSTATE[42000]: Syntax error or access violation: 1064 You have an error in your SQL syntax; check the manual that corresponds to your MariaDB server version for the right syntax to use near ' capitulo, titulo, objetivo, teoria, video, ejercicio, orden, idCurso FROM le...' at line 1
[11-May-2022 22:26:54 Europe/Berlin] SQLSTATE[42000]: Syntax error or access violation: 1064 You have an error in your SQL syntax; check the manual that corresponds to your MariaDB server version for the right syntax to use near ' capitulo, titulo, objetivo, teoria, video, ejercicio, orden, idCurso FROM le...' at line 1
[11-May-2022 22:27:39 Europe/Berlin] SQLSTATE[42000]: Syntax error or access violation: 1064 You have an error in your SQL syntax; check the manual that corresponds to your MariaDB server version for the right syntax to use near ' capitulo, titulo, objetivo, teoria, video, ejercicio, orden, idCurso FROM le...' at line 1
[11-May-2022 22:27:48 Europe/Berlin] SQLSTATE[42000]: Syntax error or access violation: 1064 You have an error in your SQL syntax; check the manual that corresponds to your MariaDB server version for the right syntax to use near ' capitulo, titulo, objetivo, teoria, video, ejercicio, orden, idCurso FROM le...' at line 1
[11-May-2022 22:28:37 Europe/Berlin] SQLSTATE[42000]: Syntax error or access violation: 1064 You have an error in your SQL syntax; check the manual that corresponds to your MariaDB server version for the right syntax to use near ' capitulo, titulo, objetivo, teoria, video, ejercicio, orden, idCurso FROM le...' at line 1
[11-May-2022 22:28:37 Europe/Berlin] PHP Fatal error:  Uncaught Error: Call to undefined method Sebas\Cursos\models\Curso::getDescripcionCorta() in C:\xampp\htdocs\cursos\src\views\Curso\detalle.php:14
Stack trace:
#0 C:\xampp\htdocs\cursos\src\lib\View.php(12): require()
#1 C:\xampp\htdocs\cursos\src\lib\Controller.php(14): Sebas\Cursos\lib\View->render('curso/detalle', Array)
#2 C:\xampp\htdocs\cursos\src\controllers\CursoController.php(36): Sebas\Cursos\lib\Controller->render('curso/detalle', Array)
#3 C:\xampp\htdocs\cursos\src\lib\routes.php(46): Sebas\Cursos\controllers\CursoController->detalleCurso()
#4 [internal function]: {closure}()
#5 C:\xampp\htdocs\cursos\vendor\bramus\router\src\Bramus\Router\Router.php(458): call_user_func_array(Object(Closure), Array)
#6 C:\xampp\htdocs\cursos\vendor\bramus\router\src\Bramus\Router\Router.php(440): Bramus\Router\Router->invoke(Object(Closure), Array)
#7 C:\xampp\htdocs\cursos\vendor\bramus\router\src\Bramus\Router\Router.php(287): Bramus\Router\Router->handle(Array, true)
#8 C:\xampp\htdocs\cursos\src\lib\routes.php(137): Bramus\Router\Router->run()
#9 C:\xampp\htdocs\cursos\index.php(13): require('C:\\xampp\\htdocs...')
#10 {main}
  thrown in C:\xampp\htdocs\cursos\src\views\Curso\detalle.php on line 14
[11-May-2022 22:28:51 Europe/Berlin] SQLSTATE[42000]: Syntax error or access violation: 1064 You have an error in your SQL syntax; check the manual that corresponds to your MariaDB server version for the right syntax to use near ' capitulo, titulo, objetivo, teoria, video, ejercicio, orden, idCurso FROM le...' at line 1
[11-May-2022 22:28:51 Europe/Berlin] PHP Fatal error:  Uncaught Error: Call to undefined method Sebas\Cursos\models\Curso::getDescripcionLarga() in C:\xampp\htdocs\cursos\src\views\Curso\detalle.php:25
Stack trace:
#0 C:\xampp\htdocs\cursos\src\lib\View.php(12): require()
#1 C:\xampp\htdocs\cursos\src\lib\Controller.php(14): Sebas\Cursos\lib\View->render('curso/detalle', Array)
#2 C:\xampp\htdocs\cursos\src\controllers\CursoController.php(36): Sebas\Cursos\lib\Controller->render('curso/detalle', Array)
#3 C:\xampp\htdocs\cursos\src\lib\routes.php(46): Sebas\Cursos\controllers\CursoController->detalleCurso()
#4 [internal function]: {closure}()
#5 C:\xampp\htdocs\cursos\vendor\bramus\router\src\Bramus\Router\Router.php(458): call_user_func_array(Object(Closure), Array)
#6 C:\xampp\htdocs\cursos\vendor\bramus\router\src\Bramus\Router\Router.php(440): Bramus\Router\Router->invoke(Object(Closure), Array)
#7 C:\xampp\htdocs\cursos\vendor\bramus\router\src\Bramus\Router\Router.php(287): Bramus\Router\Router->handle(Array, true)
#8 C:\xampp\htdocs\cursos\src\lib\routes.php(137): Bramus\Router\Router->run()
#9 C:\xampp\htdocs\cursos\index.php(13): require('C:\\xampp\\htdocs...')
#10 {main}
  thrown in C:\xampp\htdocs\cursos\src\views\Curso\detalle.php on line 25
[11-May-2022 22:29:10 Europe/Berlin] SQLSTATE[42000]: Syntax error or access violation: 1064 You have an error in your SQL syntax; check the manual that corresponds to your MariaDB server version for the right syntax to use near ' capitulo, titulo, objetivo, teoria, video, ejercicio, orden, idCurso FROM le...' at line 1
[11-May-2022 22:29:29 Europe/Berlin] SQLSTATE[42000]: Syntax error or access violation: 1064 You have an error in your SQL syntax; check the manual that corresponds to your MariaDB server version for the right syntax to use near ' capitulo, titulo, objetivo, teoria, video, ejercicio, orden, idCurso FROM le...' at line 1
[11-May-2022 22:30:21 Europe/Berlin] SQLSTATE[42000]: Syntax error or access violation: 1064 You have an error in your SQL syntax; check the manual that corresponds to your MariaDB server version for the right syntax to use near ' capitulo, titulo, objetivo, teoria, video, ejercicio, orden, idCurso FROM le...' at line 1
[11-May-2022 22:30:47 Europe/Berlin] SQLSTATE[42000]: Syntax error or access violation: 1064 You have an error in your SQL syntax; check the manual that corresponds to your MariaDB server version for the right syntax to use near ' capitulo, titulo, objetivo, teoria, video, ejercicio, orden, idCurso FROM le...' at line 1
[11-May-2022 22:44:32 Europe/Berlin] SQLSTATE[23000]: Integrity constraint violation: 1062 Duplicate entry 'Capitulo 1-1' for key 'kunique_01'
[11-May-2022 22:44:32 Europe/Berlin] SQLSTATE[23000]: Integrity constraint violation: 1062 Duplicate entry 'Capitulo 2-1' for key 'kunique_01'
[11-May-2022 22:44:32 Europe/Berlin] SQLSTATE[23000]: Integrity constraint violation: 1062 Duplicate entry 'Capitulo 1-1' for key 'kunique_01'
[11-May-2022 22:44:32 Europe/Berlin] SQLSTATE[23000]: Integrity constraint violation: 1062 Duplicate entry 'Capitulo 1-1' for key 'kunique_01'
[11-May-2022 22:44:32 Europe/Berlin] SQLSTATE[23000]: Integrity constraint violation: 1062 Duplicate entry 'Capitulo 2-1' for key 'kunique_01'
[11-May-2022 22:44:32 Europe/Berlin] SQLSTATE[23000]: Integrity constraint violation: 1062 Duplicate entry 'Capitulo 2-1' for key 'kunique_01'
[11-May-2022 22:44:32 Europe/Berlin] SQLSTATE[23000]: Integrity constraint violation: 1062 Duplicate entry 'Capitulo 3-1' for key 'kunique_01'
[11-May-2022 22:48:17 Europe/Berlin] SQLSTATE[23000]: Integrity constraint violation: 1062 Duplicate entry 'Capitulo 1-Introducción-1' for key 'kunique_02'
[11-May-2022 22:48:17 Europe/Berlin] SQLSTATE[23000]: Integrity constraint violation: 1062 Duplicate entry 'Capitulo 1-POO-1' for key 'kunique_02'
[11-May-2022 22:48:17 Europe/Berlin] SQLSTATE[23000]: Integrity constraint violation: 1062 Duplicate entry 'Capitulo 2-Objetos-1' for key 'kunique_02'
[11-May-2022 22:48:17 Europe/Berlin] SQLSTATE[23000]: Integrity constraint violation: 1062 Duplicate entry 'Capitulo 2-Relaciones-1' for key 'kunique_02'
[11-May-2022 22:48:17 Europe/Berlin] SQLSTATE[23000]: Integrity constraint violation: 1062 Duplicate entry 'Capitulo 3-Diagrama-1' for key 'kunique_02'
[11-May-2022 22:48:17 Europe/Berlin] SQLSTATE[23000]: Integrity constraint violation: 1062 Duplicate entry 'Capitulo 3-Conclusión-1' for key 'kunique_02'
[11-May-2022 22:48:20 Europe/Berlin] PHP Fatal error:  Uncaught Error: Typed property Sebas\Cursos\models\Leccion::$capitulo must not be accessed before initialization in C:\xampp\htdocs\cursos\src\models\Leccion.php:147
Stack trace:
#0 C:\xampp\htdocs\cursos\src\views\Curso\registro.php(353): Sebas\Cursos\models\Leccion->getCapitulo()
#1 C:\xampp\htdocs\cursos\src\lib\View.php(12): require('C:\\xampp\\htdocs...')
#2 C:\xampp\htdocs\cursos\src\lib\Controller.php(14): Sebas\Cursos\lib\View->render('curso/registro', Array)
#3 C:\xampp\htdocs\cursos\src\controllers\CursoController.php(30): Sebas\Cursos\lib\Controller->render('curso/registro', Array)
#4 C:\xampp\htdocs\cursos\src\lib\routes.php(52): Sebas\Cursos\controllers\CursoController->modificaCurso()
#5 [internal function]: {closure}()
#6 C:\xampp\htdocs\cursos\vendor\bramus\router\src\Bramus\Router\Router.php(458): call_user_func_array(Object(Closure), Array)
#7 C:\xampp\htdocs\cursos\vendor\bramus\router\src\Bramus\Router\Router.php(440): Bramus\Router\Router->invoke(Object(Closure), Array)
#8 C:\xampp\htdocs\cursos\vendor\bramus\router\src\Bramus\Router\Router.php(287): Bramus\Router\Router->handle(Array, true)
#9 C:\xampp\htdocs\cursos\src\lib\routes.php(137): Bramus\Router\Router->run()
#10 C:\xampp\htdocs\cursos\index.php(13): require('C:\\xampp\\htdocs...')
#11 {main}
  thrown in C:\xampp\htdocs\cursos\src\models\Leccion.php on line 147
[11-May-2022 22:48:26 Europe/Berlin] PHP Fatal error:  Uncaught Error: Call to undefined method Sebas\Cursos\models\Curso::getCantidadCapitulos() in C:\xampp\htdocs\cursos\src\views\Curso\detalle.php:55
Stack trace:
#0 C:\xampp\htdocs\cursos\src\lib\View.php(12): require()
#1 C:\xampp\htdocs\cursos\src\lib\Controller.php(14): Sebas\Cursos\lib\View->render('curso/detalle', Array)
#2 C:\xampp\htdocs\cursos\src\controllers\CursoController.php(36): Sebas\Cursos\lib\Controller->render('curso/detalle', Array)
#3 C:\xampp\htdocs\cursos\src\lib\routes.php(46): Sebas\Cursos\controllers\CursoController->detalleCurso()
#4 [internal function]: {closure}()
#5 C:\xampp\htdocs\cursos\vendor\bramus\router\src\Bramus\Router\Router.php(458): call_user_func_array(Object(Closure), Array)
#6 C:\xampp\htdocs\cursos\vendor\bramus\router\src\Bramus\Router\Router.php(440): Bramus\Router\Router->invoke(Object(Closure), Array)
#7 C:\xampp\htdocs\cursos\vendor\bramus\router\src\Bramus\Router\Router.php(287): Bramus\Router\Router->handle(Array, true)
#8 C:\xampp\htdocs\cursos\src\lib\routes.php(137): Bramus\Router\Router->run()
#9 C:\xampp\htdocs\cursos\index.php(13): require('C:\\xampp\\htdocs...')
#10 {main}
  thrown in C:\xampp\htdocs\cursos\src\views\Curso\detalle.php on line 55
[11-May-2022 22:48:48 Europe/Berlin] PHP Fatal error:  Uncaught Error: Typed property Sebas\Cursos\models\Leccion::$capitulo must not be accessed before initialization in C:\xampp\htdocs\cursos\src\models\Leccion.php:147
Stack trace:
#0 C:\xampp\htdocs\cursos\src\views\Curso\registro.php(353): Sebas\Cursos\models\Leccion->getCapitulo()
#1 C:\xampp\htdocs\cursos\src\lib\View.php(12): require('C:\\xampp\\htdocs...')
#2 C:\xampp\htdocs\cursos\src\lib\Controller.php(14): Sebas\Cursos\lib\View->render('curso/registro', Array)
#3 C:\xampp\htdocs\cursos\src\controllers\CursoController.php(30): Sebas\Cursos\lib\Controller->render('curso/registro', Array)
#4 C:\xampp\htdocs\cursos\src\lib\routes.php(52): Sebas\Cursos\controllers\CursoController->modificaCurso()
#5 [internal function]: {closure}()
#6 C:\xampp\htdocs\cursos\vendor\bramus\router\src\Bramus\Router\Router.php(458): call_user_func_array(Object(Closure), Array)
#7 C:\xampp\htdocs\cursos\vendor\bramus\router\src\Bramus\Router\Router.php(440): Bramus\Router\Router->invoke(Object(Closure), Array)
#8 C:\xampp\htdocs\cursos\vendor\bramus\router\src\Bramus\Router\Router.php(287): Bramus\Router\Router->handle(Array, true)
#9 C:\xampp\htdocs\cursos\src\lib\routes.php(137): Bramus\Router\Router->run()
#10 C:\xampp\htdocs\cursos\index.php(13): require('C:\\xampp\\htdocs...')
#11 {main}
  thrown in C:\xampp\htdocs\cursos\src\models\Leccion.php on line 147
[11-May-2022 22:49:08 Europe/Berlin] PHP Fatal error:  Uncaught Error: Typed property Sebas\Cursos\models\Leccion::$capitulo must not be accessed before initialization in C:\xampp\htdocs\cursos\src\models\Leccion.php:147
Stack trace:
#0 C:\xampp\htdocs\cursos\src\views\Curso\registro.php(353): Sebas\Cursos\models\Leccion->getCapitulo()
#1 C:\xampp\htdocs\cursos\src\lib\View.php(12): require('C:\\xampp\\htdocs...')
#2 C:\xampp\htdocs\cursos\src\lib\Controller.php(14): Sebas\Cursos\lib\View->render('curso/registro', Array)
#3 C:\xampp\htdocs\cursos\src\controllers\CursoController.php(30): Sebas\Cursos\lib\Controller->render('curso/registro', Array)
#4 C:\xampp\htdocs\cursos\src\lib\routes.php(52): Sebas\Cursos\controllers\CursoController->modificaCurso()
#5 [internal function]: {closure}()
#6 C:\xampp\htdocs\cursos\vendor\bramus\router\src\Bramus\Router\Router.php(458): call_user_func_array(Object(Closure), Array)
#7 C:\xampp\htdocs\cursos\vendor\bramus\router\src\Bramus\Router\Router.php(440): Bramus\Router\Router->invoke(Object(Closure), Array)
#8 C:\xampp\htdocs\cursos\vendor\bramus\router\src\Bramus\Router\Router.php(287): Bramus\Router\Router->handle(Array, true)
#9 C:\xampp\htdocs\cursos\src\lib\routes.php(137): Bramus\Router\Router->run()
#10 C:\xampp\htdocs\cursos\index.php(13): require('C:\\xampp\\htdocs...')
#11 {main}
  thrown in C:\xampp\htdocs\cursos\src\models\Leccion.php on line 147
[11-May-2022 22:55:33 Europe/Berlin] PHP Warning:  Undefined variable $idCurso in C:\xampp\htdocs\cursos\src\models\Curso.php on line 212
[11-May-2022 22:55:33 Europe/Berlin] PHP Warning:  Array to string conversion in C:\xampp\htdocs\cursos\src\views\Curso\detalle.php on line 55
[11-May-2022 22:55:54 Europe/Berlin] PHP Warning:  Undefined variable $idCurso in C:\xampp\htdocs\cursos\src\models\Curso.php on line 212
[11-May-2022 22:56:26 Europe/Berlin] PHP Warning:  Undefined variable $idCurso in C:\xampp\htdocs\cursos\src\models\Curso.php on line 212
[11-May-2022 23:01:28 Europe/Berlin] PHP Warning:  Trying to access array offset on value of type int in C:\xampp\htdocs\cursos\src\views\Curso\detalle.php on line 73
[11-May-2022 23:01:28 Europe/Berlin] PHP Fatal error:  Uncaught TypeError: Cannot access offset of type string on string in C:\xampp\htdocs\cursos\src\views\Curso\detalle.php:73
Stack trace:
#0 C:\xampp\htdocs\cursos\src\lib\View.php(12): require()
#1 C:\xampp\htdocs\cursos\src\lib\Controller.php(14): Sebas\Cursos\lib\View->render('curso/detalle', Array)
#2 C:\xampp\htdocs\cursos\src\controllers\CursoController.php(36): Sebas\Cursos\lib\Controller->render('curso/detalle', Array)
#3 C:\xampp\htdocs\cursos\src\lib\routes.php(46): Sebas\Cursos\controllers\CursoController->detalleCurso()
#4 [internal function]: {closure}()
#5 C:\xampp\htdocs\cursos\vendor\bramus\router\src\Bramus\Router\Router.php(458): call_user_func_array(Object(Closure), Array)
#6 C:\xampp\htdocs\cursos\vendor\bramus\router\src\Bramus\Router\Router.php(440): Bramus\Router\Router->invoke(Object(Closure), Array)
#7 C:\xampp\htdocs\cursos\vendor\bramus\router\src\Bramus\Router\Router.php(287): Bramus\Router\Router->handle(Array, true)
#8 C:\xampp\htdocs\cursos\src\lib\routes.php(137): Bramus\Router\Router->run()
#9 C:\xampp\htdocs\cursos\index.php(13): require('C:\\xampp\\htdocs...')
#10 {main}
  thrown in C:\xampp\htdocs\cursos\src\views\Curso\detalle.php on line 73
[11-May-2022 23:01:39 Europe/Berlin] PHP Warning:  Trying to access array offset on value of type int in C:\xampp\htdocs\cursos\src\views\Curso\detalle.php on line 73
[11-May-2022 23:01:39 Europe/Berlin] PHP Fatal error:  Uncaught TypeError: Cannot access offset of type string on string in C:\xampp\htdocs\cursos\src\views\Curso\detalle.php:73
Stack trace:
#0 C:\xampp\htdocs\cursos\src\lib\View.php(12): require()
#1 C:\xampp\htdocs\cursos\src\lib\Controller.php(14): Sebas\Cursos\lib\View->render('curso/detalle', Array)
#2 C:\xampp\htdocs\cursos\src\controllers\CursoController.php(36): Sebas\Cursos\lib\Controller->render('curso/detalle', Array)
#3 C:\xampp\htdocs\cursos\src\lib\routes.php(46): Sebas\Cursos\controllers\CursoController->detalleCurso()
#4 [internal function]: {closure}()
#5 C:\xampp\htdocs\cursos\vendor\bramus\router\src\Bramus\Router\Router.php(458): call_user_func_array(Object(Closure), Array)
#6 C:\xampp\htdocs\cursos\vendor\bramus\router\src\Bramus\Router\Router.php(440): Bramus\Router\Router->invoke(Object(Closure), Array)
#7 C:\xampp\htdocs\cursos\vendor\bramus\router\src\Bramus\Router\Router.php(287): Bramus\Router\Router->handle(Array, true)
#8 C:\xampp\htdocs\cursos\src\lib\routes.php(137): Bramus\Router\Router->run()
#9 C:\xampp\htdocs\cursos\index.php(13): require('C:\\xampp\\htdocs...')
#10 {main}
  thrown in C:\xampp\htdocs\cursos\src\views\Curso\detalle.php on line 73
[11-May-2022 23:01:41 Europe/Berlin] PHP Warning:  Trying to access array offset on value of type int in C:\xampp\htdocs\cursos\src\views\Curso\detalle.php on line 73
[11-May-2022 23:01:41 Europe/Berlin] PHP Fatal error:  Uncaught TypeError: Cannot access offset of type string on string in C:\xampp\htdocs\cursos\src\views\Curso\detalle.php:73
Stack trace:
#0 C:\xampp\htdocs\cursos\src\lib\View.php(12): require()
#1 C:\xampp\htdocs\cursos\src\lib\Controller.php(14): Sebas\Cursos\lib\View->render('curso/detalle', Array)
#2 C:\xampp\htdocs\cursos\src\controllers\CursoController.php(36): Sebas\Cursos\lib\Controller->render('curso/detalle', Array)
#3 C:\xampp\htdocs\cursos\src\lib\routes.php(46): Sebas\Cursos\controllers\CursoController->detalleCurso()
#4 [internal function]: {closure}()
#5 C:\xampp\htdocs\cursos\vendor\bramus\router\src\Bramus\Router\Router.php(458): call_user_func_array(Object(Closure), Array)
#6 C:\xampp\htdocs\cursos\vendor\bramus\router\src\Bramus\Router\Router.php(440): Bramus\Router\Router->invoke(Object(Closure), Array)
#7 C:\xampp\htdocs\cursos\vendor\bramus\router\src\Bramus\Router\Router.php(287): Bramus\Router\Router->handle(Array, true)
#8 C:\xampp\htdocs\cursos\src\lib\routes.php(137): Bramus\Router\Router->run()
#9 C:\xampp\htdocs\cursos\index.php(13): require('C:\\xampp\\htdocs...')
#10 {main}
  thrown in C:\xampp\htdocs\cursos\src\views\Curso\detalle.php on line 73
[11-May-2022 23:01:57 Europe/Berlin] PHP Warning:  Trying to access array offset on value of type int in C:\xampp\htdocs\cursos\src\views\Curso\detalle.php on line 73
[11-May-2022 23:01:57 Europe/Berlin] PHP Fatal error:  Uncaught TypeError: Cannot access offset of type string on string in C:\xampp\htdocs\cursos\src\views\Curso\detalle.php:73
Stack trace:
#0 C:\xampp\htdocs\cursos\src\lib\View.php(12): require()
#1 C:\xampp\htdocs\cursos\src\lib\Controller.php(14): Sebas\Cursos\lib\View->render('curso/detalle', Array)
#2 C:\xampp\htdocs\cursos\src\controllers\CursoController.php(36): Sebas\Cursos\lib\Controller->render('curso/detalle', Array)
#3 C:\xampp\htdocs\cursos\src\lib\routes.php(46): Sebas\Cursos\controllers\CursoController->detalleCurso()
#4 [internal function]: {closure}()
#5 C:\xampp\htdocs\cursos\vendor\bramus\router\src\Bramus\Router\Router.php(458): call_user_func_array(Object(Closure), Array)
#6 C:\xampp\htdocs\cursos\vendor\bramus\router\src\Bramus\Router\Router.php(440): Bramus\Router\Router->invoke(Object(Closure), Array)
#7 C:\xampp\htdocs\cursos\vendor\bramus\router\src\Bramus\Router\Router.php(287): Bramus\Router\Router->handle(Array, true)
#8 C:\xampp\htdocs\cursos\src\lib\routes.php(137): Bramus\Router\Router->run()
#9 C:\xampp\htdocs\cursos\index.php(13): require('C:\\xampp\\htdocs...')
#10 {main}
  thrown in C:\xampp\htdocs\cursos\src\views\Curso\detalle.php on line 73
[11-May-2022 23:02:50 Europe/Berlin] PHP Warning:  Trying to access array offset on value of type int in C:\xampp\htdocs\cursos\src\views\Curso\detalle.php on line 74
[11-May-2022 23:02:50 Europe/Berlin] PHP Fatal error:  Uncaught TypeError: Cannot access offset of type string on string in C:\xampp\htdocs\cursos\src\views\Curso\detalle.php:74
Stack trace:
#0 C:\xampp\htdocs\cursos\src\lib\View.php(12): require()
#1 C:\xampp\htdocs\cursos\src\lib\Controller.php(14): Sebas\Cursos\lib\View->render('curso/detalle', Array)
#2 C:\xampp\htdocs\cursos\src\controllers\CursoController.php(36): Sebas\Cursos\lib\Controller->render('curso/detalle', Array)
#3 C:\xampp\htdocs\cursos\src\lib\routes.php(46): Sebas\Cursos\controllers\CursoController->detalleCurso()
#4 [internal function]: {closure}()
#5 C:\xampp\htdocs\cursos\vendor\bramus\router\src\Bramus\Router\Router.php(458): call_user_func_array(Object(Closure), Array)
#6 C:\xampp\htdocs\cursos\vendor\bramus\router\src\Bramus\Router\Router.php(440): Bramus\Router\Router->invoke(Object(Closure), Array)
#7 C:\xampp\htdocs\cursos\vendor\bramus\router\src\Bramus\Router\Router.php(287): Bramus\Router\Router->handle(Array, true)
#8 C:\xampp\htdocs\cursos\src\lib\routes.php(137): Bramus\Router\Router->run()
#9 C:\xampp\htdocs\cursos\index.php(13): require('C:\\xampp\\htdocs...')
#10 {main}
  thrown in C:\xampp\htdocs\cursos\src\views\Curso\detalle.php on line 74
[11-May-2022 23:09:05 Europe/Berlin] PHP Warning:  Array to string conversion in C:\xampp\htdocs\cursos\src\models\Curso.php on line 243
[11-May-2022 23:09:05 Europe/Berlin] PHP Warning:  Undefined property: Sebas\Cursos\models\Curso::$Array in C:\xampp\htdocs\cursos\src\models\Curso.php on line 243
[11-May-2022 23:09:05 Europe/Berlin] PHP Warning:  foreach() argument must be of type array|object, null given in C:\xampp\htdocs\cursos\src\views\Curso\detalle.php on line 77
[11-May-2022 23:09:05 Europe/Berlin] PHP Warning:  Array to string conversion in C:\xampp\htdocs\cursos\src\models\Curso.php on line 243
[11-May-2022 23:09:05 Europe/Berlin] PHP Warning:  Undefined property: Sebas\Cursos\models\Curso::$Array in C:\xampp\htdocs\cursos\src\models\Curso.php on line 243
[11-May-2022 23:09:05 Europe/Berlin] PHP Warning:  foreach() argument must be of type array|object, null given in C:\xampp\htdocs\cursos\src\views\Curso\detalle.php on line 77
[11-May-2022 23:09:05 Europe/Berlin] PHP Warning:  Array to string conversion in C:\xampp\htdocs\cursos\src\models\Curso.php on line 243
[11-May-2022 23:09:05 Europe/Berlin] PHP Warning:  Undefined property: Sebas\Cursos\models\Curso::$Array in C:\xampp\htdocs\cursos\src\models\Curso.php on line 243
[11-May-2022 23:09:05 Europe/Berlin] PHP Warning:  foreach() argument must be of type array|object, null given in C:\xampp\htdocs\cursos\src\views\Curso\detalle.php on line 77
[11-May-2022 23:09:46 Europe/Berlin] PHP Warning:  Array to string conversion in C:\xampp\htdocs\cursos\src\models\Curso.php on line 244
[11-May-2022 23:09:46 Europe/Berlin] PHP Warning:  Undefined property: Sebas\Cursos\models\Curso::$Array in C:\xampp\htdocs\cursos\src\models\Curso.php on line 244
[11-May-2022 23:09:46 Europe/Berlin] PHP Warning:  foreach() argument must be of type array|object, null given in C:\xampp\htdocs\cursos\src\views\Curso\detalle.php on line 77
[11-May-2022 23:09:46 Europe/Berlin] PHP Warning:  Array to string conversion in C:\xampp\htdocs\cursos\src\models\Curso.php on line 244
[11-May-2022 23:09:46 Europe/Berlin] PHP Warning:  Undefined property: Sebas\Cursos\models\Curso::$Array in C:\xampp\htdocs\cursos\src\models\Curso.php on line 244
[11-May-2022 23:09:46 Europe/Berlin] PHP Warning:  foreach() argument must be of type array|object, null given in C:\xampp\htdocs\cursos\src\views\Curso\detalle.php on line 77
[11-May-2022 23:09:46 Europe/Berlin] PHP Warning:  Array to string conversion in C:\xampp\htdocs\cursos\src\models\Curso.php on line 244
[11-May-2022 23:09:46 Europe/Berlin] PHP Warning:  Undefined property: Sebas\Cursos\models\Curso::$Array in C:\xampp\htdocs\cursos\src\models\Curso.php on line 244
[11-May-2022 23:09:46 Europe/Berlin] PHP Warning:  foreach() argument must be of type array|object, null given in C:\xampp\htdocs\cursos\src\views\Curso\detalle.php on line 77
[11-May-2022 23:10:53 Europe/Berlin] PHP Warning:  Array to string conversion in C:\xampp\htdocs\cursos\src\models\Curso.php on line 244
[11-May-2022 23:10:53 Europe/Berlin] PHP Warning:  Undefined property: Sebas\Cursos\models\Curso::$Array in C:\xampp\htdocs\cursos\src\models\Curso.php on line 244
[11-May-2022 23:10:53 Europe/Berlin] PHP Warning:  foreach() argument must be of type array|object, null given in C:\xampp\htdocs\cursos\src\views\Curso\detalle.php on line 77
[11-May-2022 23:10:53 Europe/Berlin] PHP Warning:  Array to string conversion in C:\xampp\htdocs\cursos\src\models\Curso.php on line 244
[11-May-2022 23:10:53 Europe/Berlin] PHP Warning:  Undefined property: Sebas\Cursos\models\Curso::$Array in C:\xampp\htdocs\cursos\src\models\Curso.php on line 244
[11-May-2022 23:10:53 Europe/Berlin] PHP Warning:  foreach() argument must be of type array|object, null given in C:\xampp\htdocs\cursos\src\views\Curso\detalle.php on line 77
[11-May-2022 23:10:53 Europe/Berlin] PHP Warning:  Array to string conversion in C:\xampp\htdocs\cursos\src\models\Curso.php on line 244
[11-May-2022 23:10:53 Europe/Berlin] PHP Warning:  Undefined property: Sebas\Cursos\models\Curso::$Array in C:\xampp\htdocs\cursos\src\models\Curso.php on line 244
[11-May-2022 23:10:53 Europe/Berlin] PHP Warning:  foreach() argument must be of type array|object, null given in C:\xampp\htdocs\cursos\src\views\Curso\detalle.php on line 77
[11-May-2022 23:11:50 Europe/Berlin] PHP Warning:  Array to string conversion in C:\xampp\htdocs\cursos\src\models\Curso.php on line 244
[11-May-2022 23:11:50 Europe/Berlin] PHP Warning:  Undefined property: Sebas\Cursos\models\Curso::$Array in C:\xampp\htdocs\cursos\src\models\Curso.php on line 244
[11-May-2022 23:11:50 Europe/Berlin] PHP Warning:  foreach() argument must be of type array|object, null given in C:\xampp\htdocs\cursos\src\views\Curso\detalle.php on line 77
[11-May-2022 23:11:50 Europe/Berlin] PHP Warning:  Array to string conversion in C:\xampp\htdocs\cursos\src\models\Curso.php on line 244
[11-May-2022 23:11:50 Europe/Berlin] PHP Warning:  Undefined property: Sebas\Cursos\models\Curso::$Array in C:\xampp\htdocs\cursos\src\models\Curso.php on line 244
[11-May-2022 23:11:50 Europe/Berlin] PHP Warning:  foreach() argument must be of type array|object, null given in C:\xampp\htdocs\cursos\src\views\Curso\detalle.php on line 77
[11-May-2022 23:11:50 Europe/Berlin] PHP Warning:  Array to string conversion in C:\xampp\htdocs\cursos\src\models\Curso.php on line 244
[11-May-2022 23:11:50 Europe/Berlin] PHP Warning:  Undefined property: Sebas\Cursos\models\Curso::$Array in C:\xampp\htdocs\cursos\src\models\Curso.php on line 244
[11-May-2022 23:11:50 Europe/Berlin] PHP Warning:  foreach() argument must be of type array|object, null given in C:\xampp\htdocs\cursos\src\views\Curso\detalle.php on line 77
[11-May-2022 23:12:26 Europe/Berlin] PHP Warning:  Array to string conversion in C:\xampp\htdocs\cursos\src\models\Curso.php on line 244
[11-May-2022 23:12:26 Europe/Berlin] PHP Warning:  Undefined property: Sebas\Cursos\models\Curso::$Array in C:\xampp\htdocs\cursos\src\models\Curso.php on line 244
[11-May-2022 23:12:26 Europe/Berlin] PHP Warning:  foreach() argument must be of type array|object, null given in C:\xampp\htdocs\cursos\src\views\Curso\detalle.php on line 77
[11-May-2022 23:12:26 Europe/Berlin] PHP Warning:  Array to string conversion in C:\xampp\htdocs\cursos\src\models\Curso.php on line 244
[11-May-2022 23:12:26 Europe/Berlin] PHP Warning:  Undefined property: Sebas\Cursos\models\Curso::$Array in C:\xampp\htdocs\cursos\src\models\Curso.php on line 244
[11-May-2022 23:12:26 Europe/Berlin] PHP Warning:  foreach() argument must be of type array|object, null given in C:\xampp\htdocs\cursos\src\views\Curso\detalle.php on line 77
[11-May-2022 23:12:26 Europe/Berlin] PHP Warning:  Array to string conversion in C:\xampp\htdocs\cursos\src\models\Curso.php on line 244
[11-May-2022 23:12:26 Europe/Berlin] PHP Warning:  Undefined property: Sebas\Cursos\models\Curso::$Array in C:\xampp\htdocs\cursos\src\models\Curso.php on line 244
[11-May-2022 23:12:26 Europe/Berlin] PHP Warning:  foreach() argument must be of type array|object, null given in C:\xampp\htdocs\cursos\src\views\Curso\detalle.php on line 77
[13-May-2022 21:45:52 Europe/Berlin] Usuario loggeado
[13-May-2022 21:47:02 Europe/Berlin] Usuario loggeado
[13-May-2022 21:47:11 Europe/Berlin] Usuario loggeado
[13-May-2022 21:47:11 Europe/Berlin] PHP Warning:  require(src/views/Cursos/.php): Failed to open stream: No such file or directory in C:\xampp\htdocs\cursos\src\lib\View.php on line 12
[13-May-2022 21:47:11 Europe/Berlin] PHP Fatal error:  Uncaught Error: Failed opening required 'src/views/Cursos/.php' (include_path='C:\xampp\php\PEAR') in C:\xampp\htdocs\cursos\src\lib\View.php:12
Stack trace:
#0 C:\xampp\htdocs\cursos\src\lib\Controller.php(14): Sebas\Cursos\lib\View->render('Cursos/', Array)
#1 C:\xampp\htdocs\cursos\src\controllers\UsuarioController.php(53): Sebas\Cursos\lib\Controller->render('Cursos/', Array)
#2 C:\xampp\htdocs\cursos\src\lib\routes.php(92): Sebas\Cursos\controllers\UsuarioController->inicioSesion()
#3 [internal function]: {closure}()
#4 C:\xampp\htdocs\cursos\vendor\bramus\router\src\Bramus\Router\Router.php(458): call_user_func_array(Object(Closure), Array)
#5 C:\xampp\htdocs\cursos\vendor\bramus\router\src\Bramus\Router\Router.php(440): Bramus\Router\Router->invoke(Object(Closure), Array)
#6 C:\xampp\htdocs\cursos\vendor\bramus\router\src\Bramus\Router\Router.php(287): Bramus\Router\Router->handle(Array, true)
#7 C:\xampp\htdocs\cursos\src\lib\routes.php(137): Bramus\Router\Router->run()
#8 C:\xampp\htdocs\cursos\index.php(13): require('C:\\xampp\\htdocs...')
#9 {main}
  thrown in C:\xampp\htdocs\cursos\src\lib\View.php on line 12
[13-May-2022 21:47:36 Europe/Berlin] Usuario loggeado
[13-May-2022 21:47:41 Europe/Berlin] Usuario loggeado
[13-May-2022 21:47:41 Europe/Berlin] PHP Warning:  Undefined array key "cursos" in C:\xampp\htdocs\cursos\src\views\Curso\catalogo.php on line 33
[13-May-2022 21:47:41 Europe/Berlin] PHP Warning:  foreach() argument must be of type array|object, null given in C:\xampp\htdocs\cursos\src\views\Curso\catalogo.php on line 34
[13-May-2022 21:48:38 Europe/Berlin] Usuario loggeado
[13-May-2022 21:48:42 Europe/Berlin] Usuario loggeado
[13-May-2022 21:48:42 Europe/Berlin] PHP Warning:  Undefined array key "cursos" in C:\xampp\htdocs\cursos\src\views\Curso\catalogo.php on line 33
[13-May-2022 21:48:42 Europe/Berlin] PHP Warning:  foreach() argument must be of type array|object, null given in C:\xampp\htdocs\cursos\src\views\Curso\catalogo.php on line 34
[13-May-2022 21:49:54 Europe/Berlin] Usuario loggeado
[13-May-2022 21:49:54 Europe/Berlin] PHP Warning:  Undefined array key "cursos" in C:\xampp\htdocs\cursos\src\views\Curso\catalogo.php on line 33
[13-May-2022 21:49:54 Europe/Berlin] PHP Warning:  foreach() argument must be of type array|object, null given in C:\xampp\htdocs\cursos\src\views\Curso\catalogo.php on line 34
[13-May-2022 21:50:19 Europe/Berlin] Usuario loggeado
[13-May-2022 21:50:19 Europe/Berlin] PHP Warning:  Undefined array key "cursos" in C:\xampp\htdocs\cursos\src\views\Curso\catalogo.php on line 33
[13-May-2022 21:50:19 Europe/Berlin] PHP Warning:  foreach() argument must be of type array|object, null given in C:\xampp\htdocs\cursos\src\views\Curso\catalogo.php on line 34
[13-May-2022 21:50:23 Europe/Berlin] Usuario loggeado
[13-May-2022 21:50:23 Europe/Berlin] PHP Warning:  Undefined array key "cursos" in C:\xampp\htdocs\cursos\src\views\Curso\catalogo.php on line 33
[13-May-2022 21:50:23 Europe/Berlin] PHP Warning:  foreach() argument must be of type array|object, null given in C:\xampp\htdocs\cursos\src\views\Curso\catalogo.php on line 34
[13-May-2022 21:50:39 Europe/Berlin] Usuario loggeado
[13-May-2022 21:50:39 Europe/Berlin] PHP Warning:  Undefined array key "cursos" in C:\xampp\htdocs\cursos\src\views\Curso\catalogo.php on line 33
[13-May-2022 21:50:39 Europe/Berlin] PHP Warning:  foreach() argument must be of type array|object, null given in C:\xampp\htdocs\cursos\src\views\Curso\catalogo.php on line 34
[13-May-2022 21:50:42 Europe/Berlin] Usuario loggeado
[13-May-2022 21:50:42 Europe/Berlin] PHP Warning:  Undefined array key "cursos" in C:\xampp\htdocs\cursos\src\views\Curso\catalogo.php on line 33
[13-May-2022 21:50:42 Europe/Berlin] PHP Warning:  foreach() argument must be of type array|object, null given in C:\xampp\htdocs\cursos\src\views\Curso\catalogo.php on line 34
[14-May-2022 02:44:49 Europe/Berlin] Usuario loggeado
[14-May-2022 02:44:49 Europe/Berlin] PHP Warning:  Undefined array key "cursos" in C:\xampp\htdocs\cursos\src\views\Curso\catalogo.php on line 90
[14-May-2022 02:44:49 Europe/Berlin] PHP Warning:  foreach() argument must be of type array|object, null given in C:\xampp\htdocs\cursos\src\views\Curso\catalogo.php on line 91
[14-May-2022 02:49:07 Europe/Berlin] PHP Warning:  Undefined variable $lecciones in C:\xampp\htdocs\cursos\src\views\Curso\registro.php on line 348
[14-May-2022 03:38:38 Europe/Berlin] PHP Warning:  Undefined variable $c in C:\xampp\htdocs\cursos\src\views\Leccion\listar.php on line 3
[14-May-2022 03:38:38 Europe/Berlin] PHP Fatal error:  Uncaught Error: Call to a member function getIdCurso() on null in C:\xampp\htdocs\cursos\src\views\Leccion\listar.php:3
Stack trace:
#0 C:\xampp\htdocs\cursos\src\lib\View.php(12): require()
#1 C:\xampp\htdocs\cursos\src\lib\Controller.php(14): Sebas\Cursos\lib\View->render('Leccion/listar', Array)
#2 C:\xampp\htdocs\cursos\src\controllers\LeccionController.php(27): Sebas\Cursos\lib\Controller->render('Leccion/listar', Array)
#3 C:\xampp\htdocs\cursos\src\lib\routes.php(60): Sebas\Cursos\controllers\LeccionController->listar()
#4 [internal function]: {closure}()
#5 C:\xampp\htdocs\cursos\vendor\bramus\router\src\Bramus\Router\Router.php(458): call_user_func_array(Object(Closure), Array)
#6 C:\xampp\htdocs\cursos\vendor\bramus\router\src\Bramus\Router\Router.php(440): Bramus\Router\Router->invoke(Object(Closure), Array)
#7 C:\xampp\htdocs\cursos\vendor\bramus\router\src\Bramus\Router\Router.php(287): Bramus\Router\Router->handle(Array, true)
#8 C:\xampp\htdocs\cursos\src\lib\routes.php(152): Bramus\Router\Router->run()
#9 C:\xampp\htdocs\cursos\index.php(13): require('C:\\xampp\\htdocs...')
#10 {main}
  thrown in C:\xampp\htdocs\cursos\src\views\Leccion\listar.php on line 3
[14-May-2022 03:39:25 Europe/Berlin] PHP Warning:  Undefined variable $l in C:\xampp\htdocs\cursos\src\views\Leccion\listar.php on line 3
[14-May-2022 03:39:25 Europe/Berlin] PHP Fatal error:  Uncaught Error: Call to a member function getIdCurso() on null in C:\xampp\htdocs\cursos\src\views\Leccion\listar.php:3
Stack trace:
#0 C:\xampp\htdocs\cursos\src\lib\View.php(12): require()
#1 C:\xampp\htdocs\cursos\src\lib\Controller.php(14): Sebas\Cursos\lib\View->render('Leccion/listar', Array)
#2 C:\xampp\htdocs\cursos\src\controllers\LeccionController.php(27): Sebas\Cursos\lib\Controller->render('Leccion/listar', Array)
#3 C:\xampp\htdocs\cursos\src\lib\routes.php(60): Sebas\Cursos\controllers\LeccionController->listar()
#4 [internal function]: {closure}()
#5 C:\xampp\htdocs\cursos\vendor\bramus\router\src\Bramus\Router\Router.php(458): call_user_func_array(Object(Closure), Array)
#6 C:\xampp\htdocs\cursos\vendor\bramus\router\src\Bramus\Router\Router.php(440): Bramus\Router\Router->invoke(Object(Closure), Array)
#7 C:\xampp\htdocs\cursos\vendor\bramus\router\src\Bramus\Router\Router.php(287): Bramus\Router\Router->handle(Array, true)
#8 C:\xampp\htdocs\cursos\src\lib\routes.php(152): Bramus\Router\Router->run()
#9 C:\xampp\htdocs\cursos\index.php(13): require('C:\\xampp\\htdocs...')
#10 {main}
  thrown in C:\xampp\htdocs\cursos\src\views\Leccion\listar.php on line 3
[14-May-2022 03:39:55 Europe/Berlin] PHP Warning:  Undefined variable $l in C:\xampp\htdocs\cursos\src\views\Leccion\listar.php on line 4
[14-May-2022 03:39:55 Europe/Berlin] PHP Fatal error:  Uncaught Error: Call to a member function getIdCurso() on null in C:\xampp\htdocs\cursos\src\views\Leccion\listar.php:4
Stack trace:
#0 C:\xampp\htdocs\cursos\src\lib\View.php(12): require()
#1 C:\xampp\htdocs\cursos\src\lib\Controller.php(14): Sebas\Cursos\lib\View->render('Leccion/listar', Array)
#2 C:\xampp\htdocs\cursos\src\controllers\LeccionController.php(27): Sebas\Cursos\lib\Controller->render('Leccion/listar', Array)
#3 C:\xampp\htdocs\cursos\src\lib\routes.php(60): Sebas\Cursos\controllers\LeccionController->listar()
#4 [internal function]: {closure}()
#5 C:\xampp\htdocs\cursos\vendor\bramus\router\src\Bramus\Router\Router.php(458): call_user_func_array(Object(Closure), Array)
#6 C:\xampp\htdocs\cursos\vendor\bramus\router\src\Bramus\Router\Router.php(440): Bramus\Router\Router->invoke(Object(Closure), Array)
#7 C:\xampp\htdocs\cursos\vendor\bramus\router\src\Bramus\Router\Router.php(287): Bramus\Router\Router->handle(Array, true)
#8 C:\xampp\htdocs\cursos\src\lib\routes.php(152): Bramus\Router\Router->run()
#9 C:\xampp\htdocs\cursos\index.php(13): require('C:\\xampp\\htdocs...')
#10 {main}
  thrown in C:\xampp\htdocs\cursos\src\views\Leccion\listar.php on line 4
[14-May-2022 03:41:18 Europe/Berlin] PHP Parse error:  syntax error, unexpected token "=>", expecting ")" in C:\xampp\htdocs\cursos\src\controllers\LeccionController.php on line 26
[14-May-2022 03:41:53 Europe/Berlin] PHP Warning:  Undefined variable $lecciones in C:\xampp\htdocs\cursos\src\views\Curso\registro.php on line 348
[14-May-2022 03:41:57 Europe/Berlin] PHP Fatal error:  Uncaught TypeError: array_merge(): Argument #1 must be of type array, string given in C:\xampp\htdocs\cursos\src\controllers\LeccionController.php:26
Stack trace:
#0 C:\xampp\htdocs\cursos\src\controllers\LeccionController.php(26): array_merge('1', Array, Array)
#1 C:\xampp\htdocs\cursos\src\lib\routes.php(60): Sebas\Cursos\controllers\LeccionController->listar()
#2 [internal function]: {closure}()
#3 C:\xampp\htdocs\cursos\vendor\bramus\router\src\Bramus\Router\Router.php(458): call_user_func_array(Object(Closure), Array)
#4 C:\xampp\htdocs\cursos\vendor\bramus\router\src\Bramus\Router\Router.php(440): Bramus\Router\Router->invoke(Object(Closure), Array)
#5 C:\xampp\htdocs\cursos\vendor\bramus\router\src\Bramus\Router\Router.php(287): Bramus\Router\Router->handle(Array, true)
#6 C:\xampp\htdocs\cursos\src\lib\routes.php(152): Bramus\Router\Router->run()
#7 C:\xampp\htdocs\cursos\index.php(13): require('C:\\xampp\\htdocs...')
#8 {main}
  thrown in C:\xampp\htdocs\cursos\src\controllers\LeccionController.php on line 26
[14-May-2022 03:48:40 Europe/Berlin] PHP Fatal error:  Uncaught Error: Call to undefined method Sebas\Cursos\models\Curso::getById() in C:\xampp\htdocs\cursos\src\controllers\LeccionController.php:32
Stack trace:
#0 C:\xampp\htdocs\cursos\src\lib\routes.php(60): Sebas\Cursos\controllers\LeccionController->listar()
#1 [internal function]: {closure}()
#2 C:\xampp\htdocs\cursos\vendor\bramus\router\src\Bramus\Router\Router.php(458): call_user_func_array(Object(Closure), Array)
#3 C:\xampp\htdocs\cursos\vendor\bramus\router\src\Bramus\Router\Router.php(440): Bramus\Router\Router->invoke(Object(Closure), Array)
#4 C:\xampp\htdocs\cursos\vendor\bramus\router\src\Bramus\Router\Router.php(287): Bramus\Router\Router->handle(Array, true)
#5 C:\xampp\htdocs\cursos\src\lib\routes.php(157): Bramus\Router\Router->run()
#6 C:\xampp\htdocs\cursos\index.php(13): require('C:\\xampp\\htdocs...')
#7 {main}
  thrown in C:\xampp\htdocs\cursos\src\controllers\LeccionController.php on line 32
[14-May-2022 03:50:22 Europe/Berlin] PHP Fatal error:  Uncaught Error: Call to undefined method Sebas\Cursos\controllers\LeccionController::agregarLecciones() in C:\xampp\htdocs\cursos\src\lib\routes.php:66
Stack trace:
#0 [internal function]: {closure}()
#1 C:\xampp\htdocs\cursos\vendor\bramus\router\src\Bramus\Router\Router.php(458): call_user_func_array(Object(Closure), Array)
#2 C:\xampp\htdocs\cursos\vendor\bramus\router\src\Bramus\Router\Router.php(440): Bramus\Router\Router->invoke(Object(Closure), Array)
#3 C:\xampp\htdocs\cursos\vendor\bramus\router\src\Bramus\Router\Router.php(287): Bramus\Router\Router->handle(Array, true)
#4 C:\xampp\htdocs\cursos\src\lib\routes.php(157): Bramus\Router\Router->run()
#5 C:\xampp\htdocs\cursos\index.php(13): require('C:\\xampp\\htdocs...')
#6 {main}
  thrown in C:\xampp\htdocs\cursos\src\lib\routes.php on line 66
[14-May-2022 03:54:10 Europe/Berlin] PHP Warning:  Undefined variable $nombre in C:\xampp\htdocs\cursos\src\views\Leccion\registro.php on line 18
[14-May-2022 03:54:10 Europe/Berlin] PHP Warning:  Undefined variable $precio in C:\xampp\htdocs\cursos\src\views\Leccion\registro.php on line 25
[14-May-2022 03:54:10 Europe/Berlin] PHP Warning:  Undefined variable $profesor in C:\xampp\htdocs\cursos\src\views\Leccion\registro.php on line 32
[14-May-2022 03:54:10 Europe/Berlin] PHP Warning:  Undefined variable $duracion in C:\xampp\htdocs\cursos\src\views\Leccion\registro.php on line 39
[14-May-2022 03:54:10 Europe/Berlin] PHP Warning:  Undefined variable $imagen in C:\xampp\htdocs\cursos\src\views\Leccion\registro.php on line 44
[14-May-2022 03:54:10 Europe/Berlin] PHP Warning:  Undefined variable $videoIntroduc in C:\xampp\htdocs\cursos\src\views\Leccion\registro.php on line 58
[14-May-2022 03:54:10 Europe/Berlin] PHP Warning:  Undefined variable $objetivo in C:\xampp\htdocs\cursos\src\views\Leccion\registro.php on line 74
[14-May-2022 03:54:10 Europe/Berlin] PHP Warning:  Undefined variable $perfil in C:\xampp\htdocs\cursos\src\views\Leccion\registro.php on line 81
[14-May-2022 03:54:10 Europe/Berlin] PHP Warning:  Undefined variable $descripcion in C:\xampp\htdocs\cursos\src\views\Leccion\registro.php on line 88
[14-May-2022 03:54:10 Europe/Berlin] PHP Warning:  Undefined variable $nombreBoton in C:\xampp\htdocs\cursos\src\views\Leccion\registro.php on line 117
[14-May-2022 03:54:10 Europe/Berlin] PHP Warning:  Undefined variable $lecciones in C:\xampp\htdocs\cursos\src\views\Leccion\registro.php on line 312
[14-May-2022 03:54:16 Europe/Berlin] PHP Warning:  Undefined variable $nombre in C:\xampp\htdocs\cursos\src\views\Leccion\registro.php on line 18
[14-May-2022 03:54:16 Europe/Berlin] PHP Warning:  Undefined variable $precio in C:\xampp\htdocs\cursos\src\views\Leccion\registro.php on line 25
[14-May-2022 03:54:16 Europe/Berlin] PHP Warning:  Undefined variable $profesor in C:\xampp\htdocs\cursos\src\views\Leccion\registro.php on line 32
[14-May-2022 03:54:16 Europe/Berlin] PHP Warning:  Undefined variable $duracion in C:\xampp\htdocs\cursos\src\views\Leccion\registro.php on line 39
[14-May-2022 03:54:16 Europe/Berlin] PHP Warning:  Undefined variable $imagen in C:\xampp\htdocs\cursos\src\views\Leccion\registro.php on line 44
[14-May-2022 03:54:16 Europe/Berlin] PHP Warning:  Undefined variable $videoIntroduc in C:\xampp\htdocs\cursos\src\views\Leccion\registro.php on line 58
[14-May-2022 03:54:16 Europe/Berlin] PHP Warning:  Undefined variable $objetivo in C:\xampp\htdocs\cursos\src\views\Leccion\registro.php on line 74
[14-May-2022 03:54:16 Europe/Berlin] PHP Warning:  Undefined variable $perfil in C:\xampp\htdocs\cursos\src\views\Leccion\registro.php on line 81
[14-May-2022 03:54:16 Europe/Berlin] PHP Warning:  Undefined variable $descripcion in C:\xampp\htdocs\cursos\src\views\Leccion\registro.php on line 88
[14-May-2022 03:54:16 Europe/Berlin] PHP Warning:  Undefined variable $nombreBoton in C:\xampp\htdocs\cursos\src\views\Leccion\registro.php on line 117
[14-May-2022 03:54:16 Europe/Berlin] PHP Warning:  Undefined variable $lecciones in C:\xampp\htdocs\cursos\src\views\Leccion\registro.php on line 312
[14-May-2022 03:54:26 Europe/Berlin] PHP Warning:  Undefined variable $nombre in C:\xampp\htdocs\cursos\src\views\Leccion\registro.php on line 18
[14-May-2022 03:54:26 Europe/Berlin] PHP Warning:  Undefined variable $precio in C:\xampp\htdocs\cursos\src\views\Leccion\registro.php on line 25
[14-May-2022 03:54:26 Europe/Berlin] PHP Warning:  Undefined variable $profesor in C:\xampp\htdocs\cursos\src\views\Leccion\registro.php on line 32
[14-May-2022 03:54:26 Europe/Berlin] PHP Warning:  Undefined variable $duracion in C:\xampp\htdocs\cursos\src\views\Leccion\registro.php on line 39
[14-May-2022 03:54:26 Europe/Berlin] PHP Warning:  Undefined variable $imagen in C:\xampp\htdocs\cursos\src\views\Leccion\registro.php on line 44
[14-May-2022 03:54:26 Europe/Berlin] PHP Warning:  Undefined variable $videoIntroduc in C:\xampp\htdocs\cursos\src\views\Leccion\registro.php on line 58
[14-May-2022 03:54:26 Europe/Berlin] PHP Warning:  Undefined variable $objetivo in C:\xampp\htdocs\cursos\src\views\Leccion\registro.php on line 74
[14-May-2022 03:54:26 Europe/Berlin] PHP Warning:  Undefined variable $perfil in C:\xampp\htdocs\cursos\src\views\Leccion\registro.php on line 81
[14-May-2022 03:54:26 Europe/Berlin] PHP Warning:  Undefined variable $descripcion in C:\xampp\htdocs\cursos\src\views\Leccion\registro.php on line 88
[14-May-2022 03:54:26 Europe/Berlin] PHP Warning:  Undefined variable $nombreBoton in C:\xampp\htdocs\cursos\src\views\Leccion\registro.php on line 117
[14-May-2022 03:54:26 Europe/Berlin] PHP Warning:  Undefined variable $lecciones in C:\xampp\htdocs\cursos\src\views\Leccion\registro.php on line 312
[14-May-2022 03:55:37 Europe/Berlin] PHP Warning:  Undefined variable $lecciones in C:\xampp\htdocs\cursos\src\views\Leccion\registro.php on line 192
[14-May-2022 03:58:19 Europe/Berlin] PHP Warning:  Undefined variable $lecciones in C:\xampp\htdocs\cursos\src\views\Leccion\registro.php on line 199
[14-May-2022 03:58:35 Europe/Berlin] PHP Warning:  Undefined variable $lecciones in C:\xampp\htdocs\cursos\src\views\Leccion\registro.php on line 199
